<?xml version="1.0" encoding="UTF-8"?>
<testng-results ignored="2" total="3" passed="1" failed="0" skipped="0">
  <reporter-output>
  </reporter-output>
  <suite started-at="2022-04-08T23:50:54 IST" name="Default suite" finished-at="2022-04-08T23:50:56 IST" duration-ms="2307">
    <groups>
    </groups>
    <test started-at="2022-04-08T23:50:54 IST" name="Default test" finished-at="2022-04-08T23:50:56 IST" duration-ms="2307">
      <class name="apitests.SearchUser">
        <test-method signature="GetCommentsTest()[pri:0, instance:apitests.SearchUser@4612b856]" started-at="2022-04-08T23:50:54 IST" name="GetCommentsTest" finished-at="2022-04-08T23:50:56 IST" duration-ms="2281" status="PASS">
          <reporter-output>
          </reporter-output>
        </test-method> <!-- GetCommentsTest -->
      </class> <!-- apitests.SearchUser -->
    </test> <!-- Default test -->
  </suite> <!-- Default suite -->
</testng-results>
