<?xml version="1.0" encoding="UTF-8"?>
<!-- Generated by org.testng.reporters.JUnitXMLReporter -->
<testsuite ignored="2" hostname="LAPTOP-NEB2UBL9" failures="0" tests="1" name="Default test" time="2.307" errors="0" timestamp="2022-04-08T23:50:56 IST">
  <testcase classname="apitests.SearchUser" name="GetCommentsTest" time="2.281"/>
  <testcase classname="apitests.SearchUser" name="GetPostTest" time="0.0">
    <ignored/>
  </testcase> <!-- GetPostTest -->
  <testcase classname="apitests.SearchUser" name="GetUserTest" time="0.0">
    <ignored/>
  </testcase> <!-- GetUserTest -->
</testsuite> <!-- Default test -->
